<?xml version="1.0" encoding="UTF-8"?>
<!-- Generated by org.testng.reporters.JUnitReportReporter -->
<testsuite hostname="Abinaya" failures="0" tests="1" name="project1.swaglabs.pages" time="18.609" errors="0" timestamp="2024-02-15T18:03:15 IST" skipped="0">
  <testcase classname="project1.swaglabs.pages" name="open" time="18.609"/>
  <system-out/>
</testsuite> <!-- project1.swaglabs.pages -->
